2015/07/21 07:20:10 [error] [exception.CHttpException.404] exception 'CHttpException' with message 'Unable to resolve the request "zii".' in F:\XAMPP\htdocs\armani\yii-1\framework\web\CWebApplication.php:286
Stack trace:
#0 F:\XAMPP\htdocs\armani\yii-1\framework\web\CWebApplication.php(141): CWebApplication->runController('zii')
#1 F:\XAMPP\htdocs\armani\yii-1\framework\base\CApplication.php(184): CWebApplication->processRequest()
#2 F:\XAMPP\htdocs\armani\app\index.php(13): CApplication->run()
#3 {main}
REQUEST_URI=/armani/app/index.php/zii
---
2015/07/21 07:20:16 [error] [exception.CHttpException.403] exception 'CHttpException' with message 'You are not allowed to access this page.' in F:\XAMPP\htdocs\armani\yii-1\framework\gii\GiiModule.php:170
Stack trace:
#0 F:\XAMPP\htdocs\armani\yii-1\framework\web\CController.php(263): GiiModule->beforeControllerAction(Object(DefaultController), Object(CInlineAction))
#1 F:\XAMPP\htdocs\armani\yii-1\framework\web\CWebApplication.php(282): CController->run('')
#2 F:\XAMPP\htdocs\armani\yii-1\framework\web\CWebApplication.php(141): CWebApplication->runController('gii')
#3 F:\XAMPP\htdocs\armani\yii-1\framework\base\CApplication.php(184): CWebApplication->processRequest()
#4 F:\XAMPP\htdocs\armani\app\index.php(13): CApplication->run()
#5 {main}
REQUEST_URI=/armani/app/index.php/gii
---
2015/07/21 07:20:19 [error] [exception.CHttpException.403] exception 'CHttpException' with message 'You are not allowed to access this page.' in F:\XAMPP\htdocs\armani\yii-1\framework\gii\GiiModule.php:170
Stack trace:
#0 F:\XAMPP\htdocs\armani\yii-1\framework\web\CController.php(263): GiiModule->beforeControllerAction(Object(DefaultController), Object(CInlineAction))
#1 F:\XAMPP\htdocs\armani\yii-1\framework\web\CWebApplication.php(282): CController->run('')
#2 F:\XAMPP\htdocs\armani\yii-1\framework\web\CWebApplication.php(141): CWebApplication->runController('gii')
#3 F:\XAMPP\htdocs\armani\yii-1\framework\base\CApplication.php(184): CWebApplication->processRequest()
#4 F:\XAMPP\htdocs\armani\app\index.php(13): CApplication->run()
#5 {main}
REQUEST_URI=/armani/app/index.php/gii
---
2015/07/21 07:20:26 [error] [exception.CHttpException.403] exception 'CHttpException' with message 'You are not allowed to access this page.' in F:\XAMPP\htdocs\armani\yii-1\framework\gii\GiiModule.php:170
Stack trace:
#0 F:\XAMPP\htdocs\armani\yii-1\framework\web\CController.php(263): GiiModule->beforeControllerAction(Object(DefaultController), Object(CInlineAction))
#1 F:\XAMPP\htdocs\armani\yii-1\framework\web\CWebApplication.php(282): CController->run('')
#2 F:\XAMPP\htdocs\armani\yii-1\framework\web\CWebApplication.php(141): CWebApplication->runController('gii')
#3 F:\XAMPP\htdocs\armani\yii-1\framework\base\CApplication.php(184): CWebApplication->processRequest()
#4 F:\XAMPP\htdocs\armani\app\index.php(13): CApplication->run()
#5 {main}
REQUEST_URI=/armani/app/index.php/gii
---
2015/07/21 07:20:27 [error] [exception.CHttpException.403] exception 'CHttpException' with message 'You are not allowed to access this page.' in F:\XAMPP\htdocs\armani\yii-1\framework\gii\GiiModule.php:170
Stack trace:
#0 F:\XAMPP\htdocs\armani\yii-1\framework\web\CController.php(263): GiiModule->beforeControllerAction(Object(DefaultController), Object(CInlineAction))
#1 F:\XAMPP\htdocs\armani\yii-1\framework\web\CWebApplication.php(282): CController->run('')
#2 F:\XAMPP\htdocs\armani\yii-1\framework\web\CWebApplication.php(141): CWebApplication->runController('gii')
#3 F:\XAMPP\htdocs\armani\yii-1\framework\base\CApplication.php(184): CWebApplication->processRequest()
#4 F:\XAMPP\htdocs\armani\app\index.php(13): CApplication->run()
#5 {main}
REQUEST_URI=/armani/app/index.php/gii
---
2015/07/21 07:20:28 [error] [exception.CHttpException.403] exception 'CHttpException' with message 'You are not allowed to access this page.' in F:\XAMPP\htdocs\armani\yii-1\framework\gii\GiiModule.php:170
Stack trace:
#0 F:\XAMPP\htdocs\armani\yii-1\framework\web\CController.php(263): GiiModule->beforeControllerAction(Object(DefaultController), Object(CInlineAction))
#1 F:\XAMPP\htdocs\armani\yii-1\framework\web\CWebApplication.php(282): CController->run('')
#2 F:\XAMPP\htdocs\armani\yii-1\framework\web\CWebApplication.php(141): CWebApplication->runController('gii')
#3 F:\XAMPP\htdocs\armani\yii-1\framework\base\CApplication.php(184): CWebApplication->processRequest()
#4 F:\XAMPP\htdocs\armani\app\index.php(13): CApplication->run()
#5 {main}
REQUEST_URI=/armani/app/index.php/gii
---
2015/07/21 07:20:28 [error] [exception.CHttpException.403] exception 'CHttpException' with message 'You are not allowed to access this page.' in F:\XAMPP\htdocs\armani\yii-1\framework\gii\GiiModule.php:170
Stack trace:
#0 F:\XAMPP\htdocs\armani\yii-1\framework\web\CController.php(263): GiiModule->beforeControllerAction(Object(DefaultController), Object(CInlineAction))
#1 F:\XAMPP\htdocs\armani\yii-1\framework\web\CWebApplication.php(282): CController->run('')
#2 F:\XAMPP\htdocs\armani\yii-1\framework\web\CWebApplication.php(141): CWebApplication->runController('gii')
#3 F:\XAMPP\htdocs\armani\yii-1\framework\base\CApplication.php(184): CWebApplication->processRequest()
#4 F:\XAMPP\htdocs\armani\app\index.php(13): CApplication->run()
#5 {main}
REQUEST_URI=/armani/app/index.php/gii
---
2015/07/21 07:20:28 [error] [exception.CHttpException.403] exception 'CHttpException' with message 'You are not allowed to access this page.' in F:\XAMPP\htdocs\armani\yii-1\framework\gii\GiiModule.php:170
Stack trace:
#0 F:\XAMPP\htdocs\armani\yii-1\framework\web\CController.php(263): GiiModule->beforeControllerAction(Object(DefaultController), Object(CInlineAction))
#1 F:\XAMPP\htdocs\armani\yii-1\framework\web\CWebApplication.php(282): CController->run('')
#2 F:\XAMPP\htdocs\armani\yii-1\framework\web\CWebApplication.php(141): CWebApplication->runController('gii')
#3 F:\XAMPP\htdocs\armani\yii-1\framework\base\CApplication.php(184): CWebApplication->processRequest()
#4 F:\XAMPP\htdocs\armani\app\index.php(13): CApplication->run()
#5 {main}
REQUEST_URI=/armani/app/index.php/gii
---
2015/07/21 07:20:29 [error] [exception.CHttpException.403] exception 'CHttpException' with message 'You are not allowed to access this page.' in F:\XAMPP\htdocs\armani\yii-1\framework\gii\GiiModule.php:170
Stack trace:
#0 F:\XAMPP\htdocs\armani\yii-1\framework\web\CController.php(263): GiiModule->beforeControllerAction(Object(DefaultController), Object(CInlineAction))
#1 F:\XAMPP\htdocs\armani\yii-1\framework\web\CWebApplication.php(282): CController->run('')
#2 F:\XAMPP\htdocs\armani\yii-1\framework\web\CWebApplication.php(141): CWebApplication->runController('gii')
#3 F:\XAMPP\htdocs\armani\yii-1\framework\base\CApplication.php(184): CWebApplication->processRequest()
#4 F:\XAMPP\htdocs\armani\app\index.php(13): CApplication->run()
#5 {main}
REQUEST_URI=/armani/app/index.php/gii
---
2015/07/21 07:20:29 [error] [exception.CHttpException.403] exception 'CHttpException' with message 'You are not allowed to access this page.' in F:\XAMPP\htdocs\armani\yii-1\framework\gii\GiiModule.php:170
Stack trace:
#0 F:\XAMPP\htdocs\armani\yii-1\framework\web\CController.php(263): GiiModule->beforeControllerAction(Object(DefaultController), Object(CInlineAction))
#1 F:\XAMPP\htdocs\armani\yii-1\framework\web\CWebApplication.php(282): CController->run('')
#2 F:\XAMPP\htdocs\armani\yii-1\framework\web\CWebApplication.php(141): CWebApplication->runController('gii')
#3 F:\XAMPP\htdocs\armani\yii-1\framework\base\CApplication.php(184): CWebApplication->processRequest()
#4 F:\XAMPP\htdocs\armani\app\index.php(13): CApplication->run()
#5 {main}
REQUEST_URI=/armani/app/index.php/gii
---
2015/07/21 07:20:29 [error] [exception.CHttpException.403] exception 'CHttpException' with message 'You are not allowed to access this page.' in F:\XAMPP\htdocs\armani\yii-1\framework\gii\GiiModule.php:170
Stack trace:
#0 F:\XAMPP\htdocs\armani\yii-1\framework\web\CController.php(263): GiiModule->beforeControllerAction(Object(DefaultController), Object(CInlineAction))
#1 F:\XAMPP\htdocs\armani\yii-1\framework\web\CWebApplication.php(282): CController->run('')
#2 F:\XAMPP\htdocs\armani\yii-1\framework\web\CWebApplication.php(141): CWebApplication->runController('gii')
#3 F:\XAMPP\htdocs\armani\yii-1\framework\base\CApplication.php(184): CWebApplication->processRequest()
#4 F:\XAMPP\htdocs\armani\app\index.php(13): CApplication->run()
#5 {main}
REQUEST_URI=/armani/app/index.php/gii
---
2015/07/21 07:20:29 [error] [exception.CHttpException.403] exception 'CHttpException' with message 'You are not allowed to access this page.' in F:\XAMPP\htdocs\armani\yii-1\framework\gii\GiiModule.php:170
Stack trace:
#0 F:\XAMPP\htdocs\armani\yii-1\framework\web\CController.php(263): GiiModule->beforeControllerAction(Object(DefaultController), Object(CInlineAction))
#1 F:\XAMPP\htdocs\armani\yii-1\framework\web\CWebApplication.php(282): CController->run('')
#2 F:\XAMPP\htdocs\armani\yii-1\framework\web\CWebApplication.php(141): CWebApplication->runController('gii')
#3 F:\XAMPP\htdocs\armani\yii-1\framework\base\CApplication.php(184): CWebApplication->processRequest()
#4 F:\XAMPP\htdocs\armani\app\index.php(13): CApplication->run()
#5 {main}
REQUEST_URI=/armani/app/index.php/gii
---
2015/07/21 07:20:30 [error] [exception.CHttpException.403] exception 'CHttpException' with message 'You are not allowed to access this page.' in F:\XAMPP\htdocs\armani\yii-1\framework\gii\GiiModule.php:170
Stack trace:
#0 F:\XAMPP\htdocs\armani\yii-1\framework\web\CController.php(263): GiiModule->beforeControllerAction(Object(DefaultController), Object(CInlineAction))
#1 F:\XAMPP\htdocs\armani\yii-1\framework\web\CWebApplication.php(282): CController->run('')
#2 F:\XAMPP\htdocs\armani\yii-1\framework\web\CWebApplication.php(141): CWebApplication->runController('gii')
#3 F:\XAMPP\htdocs\armani\yii-1\framework\base\CApplication.php(184): CWebApplication->processRequest()
#4 F:\XAMPP\htdocs\armani\app\index.php(13): CApplication->run()
#5 {main}
REQUEST_URI=/armani/app/index.php/gii
---
2015/07/21 07:20:30 [error] [exception.CHttpException.403] exception 'CHttpException' with message 'You are not allowed to access this page.' in F:\XAMPP\htdocs\armani\yii-1\framework\gii\GiiModule.php:170
Stack trace:
#0 F:\XAMPP\htdocs\armani\yii-1\framework\web\CController.php(263): GiiModule->beforeControllerAction(Object(DefaultController), Object(CInlineAction))
#1 F:\XAMPP\htdocs\armani\yii-1\framework\web\CWebApplication.php(282): CController->run('')
#2 F:\XAMPP\htdocs\armani\yii-1\framework\web\CWebApplication.php(141): CWebApplication->runController('gii')
#3 F:\XAMPP\htdocs\armani\yii-1\framework\base\CApplication.php(184): CWebApplication->processRequest()
#4 F:\XAMPP\htdocs\armani\app\index.php(13): CApplication->run()
#5 {main}
REQUEST_URI=/armani/app/index.php/gii
---
2015/07/21 07:20:30 [error] [exception.CHttpException.403] exception 'CHttpException' with message 'You are not allowed to access this page.' in F:\XAMPP\htdocs\armani\yii-1\framework\gii\GiiModule.php:170
Stack trace:
#0 F:\XAMPP\htdocs\armani\yii-1\framework\web\CController.php(263): GiiModule->beforeControllerAction(Object(DefaultController), Object(CInlineAction))
#1 F:\XAMPP\htdocs\armani\yii-1\framework\web\CWebApplication.php(282): CController->run('')
#2 F:\XAMPP\htdocs\armani\yii-1\framework\web\CWebApplication.php(141): CWebApplication->runController('gii')
#3 F:\XAMPP\htdocs\armani\yii-1\framework\base\CApplication.php(184): CWebApplication->processRequest()
#4 F:\XAMPP\htdocs\armani\app\index.php(13): CApplication->run()
#5 {main}
REQUEST_URI=/armani/app/index.php/gii
---
2015/07/21 07:20:30 [error] [exception.CHttpException.403] exception 'CHttpException' with message 'You are not allowed to access this page.' in F:\XAMPP\htdocs\armani\yii-1\framework\gii\GiiModule.php:170
Stack trace:
#0 F:\XAMPP\htdocs\armani\yii-1\framework\web\CController.php(263): GiiModule->beforeControllerAction(Object(DefaultController), Object(CInlineAction))
#1 F:\XAMPP\htdocs\armani\yii-1\framework\web\CWebApplication.php(282): CController->run('')
#2 F:\XAMPP\htdocs\armani\yii-1\framework\web\CWebApplication.php(141): CWebApplication->runController('gii')
#3 F:\XAMPP\htdocs\armani\yii-1\framework\base\CApplication.php(184): CWebApplication->processRequest()
#4 F:\XAMPP\htdocs\armani\app\index.php(13): CApplication->run()
#5 {main}
REQUEST_URI=/armani/app/index.php/gii
---
2015/07/21 07:20:30 [error] [exception.CHttpException.403] exception 'CHttpException' with message 'You are not allowed to access this page.' in F:\XAMPP\htdocs\armani\yii-1\framework\gii\GiiModule.php:170
Stack trace:
#0 F:\XAMPP\htdocs\armani\yii-1\framework\web\CController.php(263): GiiModule->beforeControllerAction(Object(DefaultController), Object(CInlineAction))
#1 F:\XAMPP\htdocs\armani\yii-1\framework\web\CWebApplication.php(282): CController->run('')
#2 F:\XAMPP\htdocs\armani\yii-1\framework\web\CWebApplication.php(141): CWebApplication->runController('gii')
#3 F:\XAMPP\htdocs\armani\yii-1\framework\base\CApplication.php(184): CWebApplication->processRequest()
#4 F:\XAMPP\htdocs\armani\app\index.php(13): CApplication->run()
#5 {main}
REQUEST_URI=/armani/app/index.php/gii
---
2015/07/21 07:20:31 [error] [exception.CHttpException.403] exception 'CHttpException' with message 'You are not allowed to access this page.' in F:\XAMPP\htdocs\armani\yii-1\framework\gii\GiiModule.php:170
Stack trace:
#0 F:\XAMPP\htdocs\armani\yii-1\framework\web\CController.php(263): GiiModule->beforeControllerAction(Object(DefaultController), Object(CInlineAction))
#1 F:\XAMPP\htdocs\armani\yii-1\framework\web\CWebApplication.php(282): CController->run('')
#2 F:\XAMPP\htdocs\armani\yii-1\framework\web\CWebApplication.php(141): CWebApplication->runController('gii')
#3 F:\XAMPP\htdocs\armani\yii-1\framework\base\CApplication.php(184): CWebApplication->processRequest()
#4 F:\XAMPP\htdocs\armani\app\index.php(13): CApplication->run()
#5 {main}
REQUEST_URI=/armani/app/index.php/gii
---
2015/07/21 07:20:33 [error] [exception.CHttpException.403] exception 'CHttpException' with message 'You are not allowed to access this page.' in F:\XAMPP\htdocs\armani\yii-1\framework\gii\GiiModule.php:170
Stack trace:
#0 F:\XAMPP\htdocs\armani\yii-1\framework\web\CController.php(263): GiiModule->beforeControllerAction(Object(DefaultController), Object(CInlineAction))
#1 F:\XAMPP\htdocs\armani\yii-1\framework\web\CWebApplication.php(282): CController->run('')
#2 F:\XAMPP\htdocs\armani\yii-1\framework\web\CWebApplication.php(141): CWebApplication->runController('gii')
#3 F:\XAMPP\htdocs\armani\yii-1\framework\base\CApplication.php(184): CWebApplication->processRequest()
#4 F:\XAMPP\htdocs\armani\app\index.php(13): CApplication->run()
#5 {main}
REQUEST_URI=/armani/app/index.php/gii
---
2015/07/21 07:20:53 [error] [exception.CHttpException.403] exception 'CHttpException' with message 'You are not allowed to access this page.' in F:\XAMPP\htdocs\armani\yii-1\framework\gii\GiiModule.php:170
Stack trace:
#0 F:\XAMPP\htdocs\armani\yii-1\framework\web\CController.php(263): GiiModule->beforeControllerAction(Object(DefaultController), Object(CInlineAction))
#1 F:\XAMPP\htdocs\armani\yii-1\framework\web\CWebApplication.php(282): CController->run('')
#2 F:\XAMPP\htdocs\armani\yii-1\framework\web\CWebApplication.php(141): CWebApplication->runController('gii')
#3 F:\XAMPP\htdocs\armani\yii-1\framework\base\CApplication.php(184): CWebApplication->processRequest()
#4 F:\XAMPP\htdocs\armani\app\index.php(13): CApplication->run()
#5 {main}
REQUEST_URI=/armani/app/index.php/gii
---
2015/07/21 07:20:54 [error] [exception.CHttpException.403] exception 'CHttpException' with message 'You are not allowed to access this page.' in F:\XAMPP\htdocs\armani\yii-1\framework\gii\GiiModule.php:170
Stack trace:
#0 F:\XAMPP\htdocs\armani\yii-1\framework\web\CController.php(263): GiiModule->beforeControllerAction(Object(DefaultController), Object(CInlineAction))
#1 F:\XAMPP\htdocs\armani\yii-1\framework\web\CWebApplication.php(282): CController->run('')
#2 F:\XAMPP\htdocs\armani\yii-1\framework\web\CWebApplication.php(141): CWebApplication->runController('gii')
#3 F:\XAMPP\htdocs\armani\yii-1\framework\base\CApplication.php(184): CWebApplication->processRequest()
#4 F:\XAMPP\htdocs\armani\app\index.php(13): CApplication->run()
#5 {main}
REQUEST_URI=/armani/app/index.php/gii
---
2015/07/21 07:20:54 [error] [exception.CHttpException.403] exception 'CHttpException' with message 'You are not allowed to access this page.' in F:\XAMPP\htdocs\armani\yii-1\framework\gii\GiiModule.php:170
Stack trace:
#0 F:\XAMPP\htdocs\armani\yii-1\framework\web\CController.php(263): GiiModule->beforeControllerAction(Object(DefaultController), Object(CInlineAction))
#1 F:\XAMPP\htdocs\armani\yii-1\framework\web\CWebApplication.php(282): CController->run('')
#2 F:\XAMPP\htdocs\armani\yii-1\framework\web\CWebApplication.php(141): CWebApplication->runController('gii')
#3 F:\XAMPP\htdocs\armani\yii-1\framework\base\CApplication.php(184): CWebApplication->processRequest()
#4 F:\XAMPP\htdocs\armani\app\index.php(13): CApplication->run()
#5 {main}
REQUEST_URI=/armani/app/index.php/gii
---
2015/07/21 07:20:54 [error] [exception.CHttpException.403] exception 'CHttpException' with message 'You are not allowed to access this page.' in F:\XAMPP\htdocs\armani\yii-1\framework\gii\GiiModule.php:170
Stack trace:
#0 F:\XAMPP\htdocs\armani\yii-1\framework\web\CController.php(263): GiiModule->beforeControllerAction(Object(DefaultController), Object(CInlineAction))
#1 F:\XAMPP\htdocs\armani\yii-1\framework\web\CWebApplication.php(282): CController->run('')
#2 F:\XAMPP\htdocs\armani\yii-1\framework\web\CWebApplication.php(141): CWebApplication->runController('gii')
#3 F:\XAMPP\htdocs\armani\yii-1\framework\base\CApplication.php(184): CWebApplication->processRequest()
#4 F:\XAMPP\htdocs\armani\app\index.php(13): CApplication->run()
#5 {main}
REQUEST_URI=/armani/app/index.php/gii
---
2015/07/21 07:20:54 [error] [exception.CHttpException.403] exception 'CHttpException' with message 'You are not allowed to access this page.' in F:\XAMPP\htdocs\armani\yii-1\framework\gii\GiiModule.php:170
Stack trace:
#0 F:\XAMPP\htdocs\armani\yii-1\framework\web\CController.php(263): GiiModule->beforeControllerAction(Object(DefaultController), Object(CInlineAction))
#1 F:\XAMPP\htdocs\armani\yii-1\framework\web\CWebApplication.php(282): CController->run('')
#2 F:\XAMPP\htdocs\armani\yii-1\framework\web\CWebApplication.php(141): CWebApplication->runController('gii')
#3 F:\XAMPP\htdocs\armani\yii-1\framework\base\CApplication.php(184): CWebApplication->processRequest()
#4 F:\XAMPP\htdocs\armani\app\index.php(13): CApplication->run()
#5 {main}
REQUEST_URI=/armani/app/index.php/gii
---
2015/07/21 07:20:55 [error] [exception.CHttpException.403] exception 'CHttpException' with message 'You are not allowed to access this page.' in F:\XAMPP\htdocs\armani\yii-1\framework\gii\GiiModule.php:170
Stack trace:
#0 F:\XAMPP\htdocs\armani\yii-1\framework\web\CController.php(263): GiiModule->beforeControllerAction(Object(DefaultController), Object(CInlineAction))
#1 F:\XAMPP\htdocs\armani\yii-1\framework\web\CWebApplication.php(282): CController->run('')
#2 F:\XAMPP\htdocs\armani\yii-1\framework\web\CWebApplication.php(141): CWebApplication->runController('gii')
#3 F:\XAMPP\htdocs\armani\yii-1\framework\base\CApplication.php(184): CWebApplication->processRequest()
#4 F:\XAMPP\htdocs\armani\app\index.php(13): CApplication->run()
#5 {main}
REQUEST_URI=/armani/app/index.php/gii
---
2015/07/21 07:20:55 [error] [exception.CHttpException.403] exception 'CHttpException' with message 'You are not allowed to access this page.' in F:\XAMPP\htdocs\armani\yii-1\framework\gii\GiiModule.php:170
Stack trace:
#0 F:\XAMPP\htdocs\armani\yii-1\framework\web\CController.php(263): GiiModule->beforeControllerAction(Object(DefaultController), Object(CInlineAction))
#1 F:\XAMPP\htdocs\armani\yii-1\framework\web\CWebApplication.php(282): CController->run('')
#2 F:\XAMPP\htdocs\armani\yii-1\framework\web\CWebApplication.php(141): CWebApplication->runController('gii')
#3 F:\XAMPP\htdocs\armani\yii-1\framework\base\CApplication.php(184): CWebApplication->processRequest()
#4 F:\XAMPP\htdocs\armani\app\index.php(13): CApplication->run()
#5 {main}
REQUEST_URI=/armani/app/index.php/gii
---
2015/07/21 07:20:55 [error] [exception.CHttpException.403] exception 'CHttpException' with message 'You are not allowed to access this page.' in F:\XAMPP\htdocs\armani\yii-1\framework\gii\GiiModule.php:170
Stack trace:
#0 F:\XAMPP\htdocs\armani\yii-1\framework\web\CController.php(263): GiiModule->beforeControllerAction(Object(DefaultController), Object(CInlineAction))
#1 F:\XAMPP\htdocs\armani\yii-1\framework\web\CWebApplication.php(282): CController->run('')
#2 F:\XAMPP\htdocs\armani\yii-1\framework\web\CWebApplication.php(141): CWebApplication->runController('gii')
#3 F:\XAMPP\htdocs\armani\yii-1\framework\base\CApplication.php(184): CWebApplication->processRequest()
#4 F:\XAMPP\htdocs\armani\app\index.php(13): CApplication->run()
#5 {main}
REQUEST_URI=/armani/app/index.php/gii
---
